choo/code-k-choo-android-e6b3014d8859/app/build/outputs/logs/manifest-merger-debug-report.txt
-- Merging decision tree log ---
manifest
ADDED from src\main\AndroidManifest.xml:2:1-254:12
	xmlns:android
		ADDED from src\main\AndroidManifest.xml:2:11-69
	package
		ADDED from src\main\AndroidManifest.xml:3:5-29
		INJECTED from src\main\AndroidManifest.xml
		INJECTED from src\main\AndroidManifest.xml
	android:versionName
		INJECTED from src\main\AndroidManifest.xml
		INJECTED from src\main\AndroidManifest.xml
	android:versionCode
		INJECTED from src\main\AndroidManifest.xml
		INJECTED from src\main\AndroidManifest.xml
uses-permission#android.permission.INTERNET
ADDED from src\main\AndroidManifest.xml:5:5-67
MERGED from [com.crashlytics.sdk.android:crashlytics:2.5.2] AndroidManifest.xml:9:5-67
MERGED from [com.crashlytics.sdk.android:answers:1.3.2] AndroidManifest.xml:9:5-67
MERGED from [io.fabric.sdk.android:fabric:1.3.6] AndroidManifest.xml:25:5-67
MERGED from [io.fabric.sdk.android:fabric:1.3.6] AndroidManifest.xml:25:5-67
MERGED from [com.crashlytics.sdk.android:crashlytics-core:2.3.5] AndroidManifest.xml:9:5-67
MERGED from [com.crashlytics.sdk.android:answers:1.3.2] AndroidManifest.xml:9:5-67
MERGED from [io.fabric.sdk.android:fabric:1.3.6] AndroidManifest.xml:25:5-67
MERGED from [io.fabric.sdk.android:fabric:1.3.6] AndroidManifest.xml:25:5-67
MERGED from [io.fabric.sdk.android:fabric:1.3.6] AndroidManifest.xml:25:5-67
MERGED from [com.crashlytics.sdk.android:crashlytics-core:2.3.5] AndroidManifest.xml:9:5-67
MERGED from [com.crashlytics.sdk.android:answers:1.3.2] AndroidManifest.xml:9:5-67
MERGED from [io.fabric.sdk.android:fabric:1.3.6] AndroidManifest.xml:25:5-67
MERGED from [io.fabric.sdk.android:fabric:1.3.6] AndroidManifest.xml:25:5-67
	android:name
		ADDED from src\main\AndroidManifest.xml:5:22-64
uses-permission#android.permission.READ_EXTERNAL_STORAGE
ADDED from src\main\AndroidManifest.xml:7:5-80
	android:name
		ADDED from src\main\AndroidManifest.xml:7:22-77
uses-permission#android.permission.ACCESS_NETWORK_STATE
ADDED from src\main\AndroidManifest.xml:8:5-79
	android:name
		ADDED from src\main\AndroidManifest.xml:8:22-76
uses-permission#android.permission.WRITE_EXTERNAL_STORAGE
ADDED from src\main\AndroidManifest.xml:9:5-81
	android:name
		ADDED from src\main\AndroidManifest.xml:9:22-78
uses-permission#android.permission.ACCESS_FINE_LOCATION
ADDED from src\main\AndroidManifest.xml:10:5-79
	android:name
		ADDED from src\main\AndroidManifest.xml:10:22-76
uses-permission#com.javapapers.currentlocationinmap.permission.MAPS_RECEIVE
ADDED from src\main\AndroidManifest.xml:11:5-99
	android:name
		ADDED from src\main\AndroidManifest.xml:11:22-96
uses-permission#com.google.android.providers.gsf.permission.READ_GSERVICES
ADDED from src\main\AndroidManifest.xml:12:5-98
	android:name
		ADDED from src\main\AndroidManifest.xml:12:22-95
uses-permission#android.permission.ACCESS_COARSE_LOCATION
ADDED from src\main\AndroidManifest.xml:13:5-81
	android:name
		ADDED from src\main\AndroidManifest.xml:13:22-78
uses-permission#android.permission.WAKE_LOCK
ADDED from src\main\AndroidManifest.xml:14:5-68
	android:name
		ADDED from src\main\AndroidManifest.xml:14:22-65
uses-permission#android.permission.RECEIVE_BOOT_COMPLETED
ADDED from src\main\AndroidManifest.xml:16:5-81
	android:name
		ADDED from src\main\AndroidManifest.xml:16:22-78
uses-permission#android.permission.GET_ACCOUNTS
ADDED from src\main\AndroidManifest.xml:17:5-71
	android:name
		ADDED from src\main\AndroidManifest.xml:17:22-68
uses-permission#com.google.android.c2dm.permission.RECEIVE
ADDED from src\main\AndroidManifest.xml:18:5-82
	android:name
		ADDED from src\main\AndroidManifest.xml:18:22-79
uses-permission#android.permission.GET_TASKS
ADDED from src\main\AndroidManifest.xml:21:5-68
	android:name
		ADDED from src\main\AndroidManifest.xml:21:22-65
permission#com.paras.choo.permission.C2D_MESSAGE
ADDED from src\main\AndroidManifest.xml:26:5-28:47
	android:protectionLevel
		ADDED from src\main\AndroidManifest.xml:28:9-44
	android:name
		ADDED from src\main\AndroidManifest.xml:27:9-61
uses-permission#com.paras.choo.permission.C2D_MESSAGE
ADDED from src\main\AndroidManifest.xml:30:5-77
	android:name
		ADDED from src\main\AndroidManifest.xml:30:22-74
uses-feature#android.hardware.touchscreen
ADDED from src\main\AndroidManifest.xml:32:5-34:36
	android:required
		ADDED from src\main\AndroidManifest.xml:34:9-33
	android:name
		ADDED from src\main\AndroidManifest.xml:33:9-52
uses-feature#android.software.leanback
ADDED from src\main\AndroidManifest.xml:35:5-37:36
	android:required
		ADDED from src\main\AndroidManifest.xml:37:9-33
	android:name
		ADDED from src\main\AndroidManifest.xml:36:9-49
uses-feature#android.hardware.camera
ADDED from src\main\AndroidManifest.xml:38:5-60
	android:name
		ADDED from src\main\AndroidManifest.xml:38:19-57
application
ADDED from src\main\AndroidManifest.xml:40:5-252:19
MERGED from [com.facebook.android:facebook-android-sdk:4.0.0] AndroidManifest.xml:28:5-20
MERGED from [com.android.support:support-v4:22.1.0] AndroidManifest.xml:22:5-20
MERGED from [com.android.support:appcompat-v7:22.1.0] AndroidManifest.xml:22:5-20
MERGED from [com.android.support:support-v4:22.1.0] AndroidManifest.xml:22:5-20
MERGED from [com.github.omadahealth.typefaceview:typefaceview:1.3.0] AndroidManifest.xml:11:5-14:19
MERGED from [com.android.support:support-v4:22.1.0] AndroidManifest.xml:22:5-20
MERGED from [code-k-choo-android-e6b3014d8859:lib:unspecified] AndroidManifest.xml:11:5-14:19
MERGED from [com.github.traex.rippleeffect:ripple:1.2.3.2-OG] AndroidManifest.xml:12:5-20
MERGED from [com.android.support:appcompat-v7:22.1.0] AndroidManifest.xml:22:5-20
MERGED from [com.android.support:support-v4:22.1.0] AndroidManifest.xml:22:5-20
MERGED from [com.github.omadahealth.typefaceview:typefaceview:1.3.0] AndroidManifest.xml:11:5-14:19
MERGED from [com.crashlytics.sdk.android:crashlytics:2.5.2] AndroidManifest.xml:11:5-20
MERGED from [com.crashlytics.sdk.android:answers:1.3.2] AndroidManifest.xml:11:5-20
MERGED from [io.fabric.sdk.android:fabric:1.3.6] AndroidManifest.xml:27:5-20
MERGED from [io.fabric.sdk.android:fabric:1.3.6] AndroidManifest.xml:27:5-20
MERGED from [com.crashlytics.sdk.android:crashlytics-core:2.3.5] AndroidManifest.xml:11:5-20
MERGED from [com.crashlytics.sdk.android:answers:1.3.2] AndroidManifest.xml:11:5-20
MERGED from [io.fabric.sdk.android:fabric:1.3.6] AndroidManifest.xml:27:5-20
MERGED from [io.fabric.sdk.android:fabric:1.3.6] AndroidManifest.xml:27:5-20
MERGED from [com.crashlytics.sdk.android:beta:1.1.3] AndroidManifest.xml:9:5-20
MERGED from [com.crashlytics.sdk.android:crashlytics-ndk:1.1.1] AndroidManifest.xml:10:5-20
MERGED from [io.fabric.sdk.android:fabric:1.3.6] AndroidManifest.xml:27:5-20
MERGED from [com.crashlytics.sdk.android:crashlytics-core:2.3.5] AndroidManifest.xml:11:5-20
MERGED from [com.crashlytics.sdk.android:answers:1.3.2] AndroidManifest.xml:11:5-20
MERGED from [io.fabric.sdk.android:fabric:1.3.6] AndroidManifest.xml:27:5-20
MERGED from [io.fabric.sdk.android:fabric:1.3.6] AndroidManifest.xml:27:5-20
	android:label
		ADDED from src\main\AndroidManifest.xml:46:9-41
	android:allowBackup
		ADDED from src\main\AndroidManifest.xml:42:9-35
	android:icon
		ADDED from src\main\AndroidManifest.xml:44:9-41
	android:theme
		ADDED from src\main\AndroidManifest.xml:48:9-40
	android:hardwareAccelerated
		ADDED from src\main\AndroidManifest.xml:43:9-43
	android:largeHeap
		ADDED from src\main\AndroidManifest.xml:47:9-33
	android:installLocation
		ADDED from src\main\AndroidManifest.xml:45:9-39
	android:name
		ADDED from src\main\AndroidManifest.xml:41:9-40
provider#com.facebook.FacebookContentProvider
ADDED from src\main\AndroidManifest.xml:49:9-52:39
	android:exported
		ADDED from src\main\AndroidManifest.xml:52:13-36
	android:authorities
		ADDED from src\main\AndroidManifest.xml:51:13-90
	android:name
		ADDED from src\main\AndroidManifest.xml:50:13-64
meta-data#com.facebook.sdk.ApplicationId
ADDED from src\main\AndroidManifest.xml:54:9-56:55
	android:name
		ADDED from src\main\AndroidManifest.xml:55:13-58
	android:value
		ADDED from src\main\AndroidManifest.xml:56:13-52
meta-data#com.google.android.maps.v2.API_KEY
ADDED from src\main\AndroidManifest.xml:57:9-59:71
	android:name
		ADDED from src\main\AndroidManifest.xml:58:13-62
	android:value
		ADDED from src\main\AndroidManifest.xml:59:13-68
meta-data#com.google.android.gms.version
ADDED from src\main\AndroidManifest.xml:60:9-62:69
	android:name
		ADDED from src\main\AndroidManifest.xml:61:13-58
	android:value
		ADDED from src\main\AndroidManifest.xml:62:13-66
activity#com.paras.choo.SplashScreenActivity
ADDED from src\main\AndroidManifest.xml:64:9-68:20
	android:screenOrientation
		ADDED from src\main\AndroidManifest.xml:67:13-49
	android:label
		ADDED from src\main\AndroidManifest.xml:66:13-65
	android:name
		ADDED from src\main\AndroidManifest.xml:65:13-49
activity#com.paras.choo.MainActivity
ADDED from src\main\AndroidManifest.xml:69:9-85:20
	android:windowSoftInputMode
		ADDED from src\main\AndroidManifest.xml:74:13-52
	android:screenOrientation
		ADDED from src\main\AndroidManifest.xml:73:13-49
	android:label
		ADDED from src\main\AndroidManifest.xml:72:13-45
	android:configChanges
		ADDED from src\main\AndroidManifest.xml:71:13-74
	android:name
		ADDED from src\main\AndroidManifest.xml:70:13-41
intent-filter#android.intent.action.VIEW+android.intent.category.BROWSABLE+android.intent.category.DEFAULT
ADDED from src\main\AndroidManifest.xml:75:13-84:29
action#android.intent.action.VIEW
ADDED from src\main\AndroidManifest.xml:76:17-69
	android:name
		ADDED from src\main\AndroidManifest.xml:76:25-66
category#android.intent.category.DEFAULT
ADDED from src\main\AndroidManifest.xml:78:17-76
	android:name
		ADDED from src\main\AndroidManifest.xml:78:27-73
category#android.intent.category.BROWSABLE
ADDED from src\main\AndroidManifest.xml:79:17-78
	android:name
		ADDED from src\main\AndroidManifest.xml:79:27-75
data
ADDED from src\main\AndroidManifest.xml:81:17-83:46
	android:host
		ADDED from src\main\AndroidManifest.xml:82:21-45
	android:scheme
		ADDED from src\main\AndroidManifest.xml:83:21-43
activity#com.paras.choo.MyDataInfoActivity
ADDED from src\main\AndroidManifest.xml:89:9-93:20
	android:screenOrientation
		ADDED from src\main\AndroidManifest.xml:92:13-49
	android:label
		ADDED from src\main\AndroidManifest.xml:91:13-64
	android:name
		ADDED from src\main\AndroidManifest.xml:90:13-47
activity#com.paras.choo.RefundCheckInfoActivity
ADDED from src\main\AndroidManifest.xml:94:9-98:20
	android:screenOrientation
		ADDED from src\main\AndroidManifest.xml:97:13-49
	android:label
		ADDED from src\main\AndroidManifest.xml:96:13-69
	android:name
		ADDED from src\main\AndroidManifest.xml:95:13-52
activity#com.paras.choo.FaqActivity
ADDED from src\main\AndroidManifest.xml:99:9-103:20
	android:screenOrientation
		ADDED from src\main\AndroidManifest.xml:102:13-49
	android:label
		ADDED from src\main\AndroidManifest.xml:101:13-55
	android:name
		ADDED from src\main\AndroidManifest.xml:100:13-40
activity#com.paras.choo.Privacy
ADDED from src\main\AndroidManifest.xml:104:9-108:20
	android:screenOrientation
		ADDED from src\main\AndroidManifest.xml:107:13-49
	android:label
		ADDED from src\main\AndroidManifest.xml:106:13-59
	android:name
		ADDED from src\main\AndroidManifest.xml:105:13-36
activity#com.paras.choo.TermsandConditions
ADDED from src\main\AndroidManifest.xml:109:9-113:20
	android:screenOrientation
		ADDED from src\main\AndroidManifest.xml:112:13-49
	android:label
		ADDED from src\main\AndroidManifest.xml:111:13-71
	android:name
		ADDED from src\main\AndroidManifest.xml:110:13-47
activity#com.paras.choo.ArrivalTrainInfoActivity
ADDED from src\main\AndroidManifest.xml:114:9-118:20
	android:screenOrientation
		ADDED from src\main\AndroidManifest.xml:117:13-49
	android:label
		ADDED from src\main\AndroidManifest.xml:116:13-70
	android:name
		ADDED from src\main\AndroidManifest.xml:115:13-53
activity#com.paras.choo.DepartureTrainInfoActivity
ADDED from src\main\AndroidManifest.xml:119:9-123:20
	android:screenOrientation
		ADDED from src\main\AndroidManifest.xml:122:13-49
	android:label
		ADDED from src\main\AndroidManifest.xml:121:13-72
	android:name
		ADDED from src\main\AndroidManifest.xml:120:13-55
activity#com.paras.choo.TransitionInfoActivity
ADDED from src\main\AndroidManifest.xml:124:9-128:20
	android:screenOrientation
		ADDED from src\main\AndroidManifest.xml:127:13-49
	android:label
		ADDED from src\main\AndroidManifest.xml:126:13-67
	android:name
		ADDED from src\main\AndroidManifest.xml:125:13-51
activity#com.paras.choo.HomeActivity
ADDED from src\main\AndroidManifest.xml:129:9-133:20
	android:screenOrientation
		ADDED from src\main\AndroidManifest.xml:132:13-49
	android:label
		ADDED from src\main\AndroidManifest.xml:131:13-56
	android:name
		ADDED from src\main\AndroidManifest.xml:130:13-41
activity#com.paras.choo.BankAccountInfoActivity
ADDED from src\main\AndroidManifest.xml:134:9-138:20
	android:screenOrientation
		ADDED from src\main\AndroidManifest.xml:137:13-49
	android:label
		ADDED from src\main\AndroidManifest.xml:136:13-69
	android:name
		ADDED from src\main\AndroidManifest.xml:135:13-52
activity#com.paras.choo.BahnTimeCardInfoActivity
ADDED from src\main\AndroidManifest.xml:139:9-143:20
	android:screenOrientation
		ADDED from src\main\AndroidManifest.xml:142:13-49
	android:label
		ADDED from src\main\AndroidManifest.xml:141:13-71
	android:name
		ADDED from src\main\AndroidManifest.xml:140:13-53
activity#com.paras.choo.PersonalAndBankDataInfoActivity
ADDED from src\main\AndroidManifest.xml:144:9-148:20
	android:screenOrientation
		ADDED from src\main\AndroidManifest.xml:147:13-49
	android:label
		ADDED from src\main\AndroidManifest.xml:146:13-79
	android:name
		ADDED from src\main\AndroidManifest.xml:145:13-60
activity#com.paras.choo.OverviewInfoActivity
ADDED from src\main\AndroidManifest.xml:149:9-153:20
	android:screenOrientation
		ADDED from src\main\AndroidManifest.xml:152:13-49
	android:label
		ADDED from src\main\AndroidManifest.xml:151:13-65
	android:name
		ADDED from src\main\AndroidManifest.xml:150:13-49
activity#com.paras.choo.SendRequestInfoActivity
ADDED from src\main\AndroidManifest.xml:154:9-158:20
	android:screenOrientation
		ADDED from src\main\AndroidManifest.xml:157:13-49
	android:label
		ADDED from src\main\AndroidManifest.xml:156:13-69
	android:name
		ADDED from src\main\AndroidManifest.xml:155:13-52
activity#com.paras.choo.TicketScanInfoActivity
ADDED from src\main\AndroidManifest.xml:159:9-163:20
	android:screenOrientation
		ADDED from src\main\AndroidManifest.xml:162:13-49
	android:label
		ADDED from src\main\AndroidManifest.xml:161:13-68
	android:name
		ADDED from src\main\AndroidManifest.xml:160:13-51
activity#com.paras.choo.TermsAndCondSendReqActivity
ADDED from src\main\AndroidManifest.xml:164:9-168:20
	android:screenOrientation
		ADDED from src\main\AndroidManifest.xml:167:13-49
	android:label
		ADDED from src\main\AndroidManifest.xml:166:13-75
	android:name
		ADDED from src\main\AndroidManifest.xml:165:13-56
activity#com.paras.choo.CustomPinActivity
ADDED from src\main\AndroidManifest.xml:169:9-173:20
	android:screenOrientation
		ADDED from src\main\AndroidManifest.xml:172:13-49
	android:label
		ADDED from src\main\AndroidManifest.xml:171:13-33
	android:name
		ADDED from src\main\AndroidManifest.xml:170:13-46
activity#com.paras.choo.ShareFriendsInfoActivity
ADDED from src\main\AndroidManifest.xml:174:9-178:20
	android:screenOrientation
		ADDED from src\main\AndroidManifest.xml:177:13-49
	android:label
		ADDED from src\main\AndroidManifest.xml:176:13-70
	android:name
		ADDED from src\main\AndroidManifest.xml:175:13-53
activity#com.paras.choo.ViewFlipperActivity
ADDED from src\main\AndroidManifest.xml:179:9-183:20
	android:screenOrientation
		ADDED from src\main\AndroidManifest.xml:182:13-49
	android:label
		ADDED from src\main\AndroidManifest.xml:181:13-64
	android:name
		ADDED from src\main\AndroidManifest.xml:180:13-48
activity#com.paras.choo.fragments.StartActivity
ADDED from src\main\AndroidManifest.xml:184:9-193:20
	android:screenOrientation
		ADDED from src\main\AndroidManifest.xml:187:13-49
	android:label
		ADDED from src\main\AndroidManifest.xml:186:13-57
	android:name
		ADDED from src\main\AndroidManifest.xml:185:13-52
intent-filter#android.intent.action.MAIN+android.intent.category.LAUNCHER
ADDED from src\main\AndroidManifest.xml:188:13-192:29
action#android.intent.action.MAIN
ADDED from src\main\AndroidManifest.xml:189:17-69
	android:name
		ADDED from src\main\AndroidManifest.xml:189:25-66
category#android.intent.category.LAUNCHER
ADDED from src\main\AndroidManifest.xml:191:17-77
	android:name
		ADDED from src\main\AndroidManifest.xml:191:27-74
activity#com.paras.choo.ChooTicketActivity
ADDED from src\main\AndroidManifest.xml:194:9-198:20
	android:screenOrientation
		ADDED from src\main\AndroidManifest.xml:197:13-49
	android:label
		ADDED from src\main\AndroidManifest.xml:196:13-63
	android:name
		ADDED from src\main\AndroidManifest.xml:195:13-47
meta-data#io.fabric.ApiKey
ADDED from src\main\AndroidManifest.xml:200:9-202:72
	android:name
		ADDED from src\main\AndroidManifest.xml:201:13-44
	android:value
		ADDED from src\main\AndroidManifest.xml:202:13-69
service#com.parse.PushService
ADDED from src\main\AndroidManifest.xml:206:9-57
	android:name
		ADDED from src\main\AndroidManifest.xml:206:18-54
receiver#com.paras.choo.receiver.CustomPushReceiver
ADDED from src\main\AndroidManifest.xml:208:9-218:20
	android:exported
		ADDED from src\main\AndroidManifest.xml:210:13-37
	android:name
		ADDED from src\main\AndroidManifest.xml:209:13-56
intent-filter#android.intent.action.BOOT_COMPLETED+android.intent.action.USER_PRESENT+com.parse.push.intent.DELETE+com.parse.push.intent.OPEN+com.parse.push.intent.RECEIVE
ADDED from src\main\AndroidManifest.xml:211:13-217:29
action#android.intent.action.BOOT_COMPLETED
ADDED from src\main\AndroidManifest.xml:212:17-79
	android:name
		ADDED from src\main\AndroidManifest.xml:212:25-76
action#android.intent.action.USER_PRESENT
ADDED from src\main\AndroidManifest.xml:213:17-77
	android:name
		ADDED from src\main\AndroidManifest.xml:213:25-74
action#com.parse.push.intent.RECEIVE
ADDED from src\main\AndroidManifest.xml:214:17-72
	android:name
		ADDED from src\main\AndroidManifest.xml:214:25-69
action#com.parse.push.intent.DELETE
ADDED from src\main\AndroidManifest.xml:215:17-71
	android:name
		ADDED from src\main\AndroidManifest.xml:215:25-68
action#com.parse.push.intent.OPEN
ADDED from src\main\AndroidManifest.xml:216:17-69
	android:name
		ADDED from src\main\AndroidManifest.xml:216:25-66
receiver#com.parse.GcmBroadcastReceiver
ADDED from src\main\AndroidManifest.xml:219:9-229:20
	android:permission
		ADDED from src\main\AndroidManifest.xml:221:13-73
	android:name
		ADDED from src\main\AndroidManifest.xml:220:13-58
intent-filter#com.google.android.c2dm.intent.RECEIVE+com.google.android.c2dm.intent.REGISTRATION+com.paras.choo
ADDED from src\main\AndroidManifest.xml:222:13-228:29
action#com.google.android.c2dm.intent.RECEIVE
ADDED from src\main\AndroidManifest.xml:223:17-81
	android:name
		ADDED from src\main\AndroidManifest.xml:223:25-78
action#com.google.android.c2dm.intent.REGISTRATION
ADDED from src\main\AndroidManifest.xml:224:17-86
	android:name
		ADDED from src\main\AndroidManifest.xml:224:25-83
category#com.paras.choo
ADDED from src\main\AndroidManifest.xml:227:17-59
	android:name
		ADDED from src\main\AndroidManifest.xml:227:27-56
activity#com.paras.choo.LockActivity
ADDED from src\main\AndroidManifest.xml:232:9-236:20
	android:screenOrientation
		ADDED from src\main\AndroidManifest.xml:235:13-49
	android:label
		ADDED from src\main\AndroidManifest.xml:234:13-60
	android:name
		ADDED from src\main\AndroidManifest.xml:233:13-41
activity#com.paras.choo.ConfirmLockActivity
ADDED from src\main\AndroidManifest.xml:237:9-241:20
	android:screenOrientation
		ADDED from src\main\AndroidManifest.xml:240:13-49
	android:label
		ADDED from src\main\AndroidManifest.xml:239:13-64
	android:name
		ADDED from src\main\AndroidManifest.xml:238:13-48
activity#com.paras.choo.ChangeLockActivity
ADDED from src\main\AndroidManifest.xml:242:9-246:20
	android:screenOrientation
		ADDED from src\main\AndroidManifest.xml:245:13-49
	android:label
		ADDED from src\main\AndroidManifest.xml:244:13-63
	android:name
		ADDED from src\main\AndroidManifest.xml:243:13-47
activity#com.paras.choo.UnlockActivity
ADDED from src\main\AndroidManifest.xml:247:9-251:20
	android:screenOrientation
		ADDED from src\main\AndroidManifest.xml:250:13-49
	android:label
		ADDED from src\main\AndroidManifest.xml:249:13-58
	android:name
		ADDED from src\main\AndroidManifest.xml:248:13-43
uses-sdk
INJECTED from src\main\AndroidManifest.xml reason: use-sdk injection requested
MERGED from [com.facebook.android:facebook-android-sdk:4.0.0] AndroidManifest.xml:24:5-26:41
MERGED from [com.android.support:support-v4:22.1.0] AndroidManifest.xml:20:5-43
MERGED from [com.android.support:appcompat-v7:22.1.0] AndroidManifest.xml:20:5-43
MERGED from [com.android.support:support-v4:22.1.0] AndroidManifest.xml:20:5-43
MERGED from [se.emilsjolander:StickyScrollViewItems:1.1.0] AndroidManifest.xml:3:5-72
MERGED from [com.github.omadahealth.typefaceview:typefaceview:1.3.0] AndroidManifest.xml:7:5-9:41
MERGED from [com.google.android.gms:play-services:4.2.42] AndroidManifest.xml:7:5-42
MERGED from [com.android.support:support-v4:22.1.0] AndroidManifest.xml:20:5-43
MERGED from [uk.me.lewisdeane.ldialogs:ldialogs:1.2.0] AndroidManifest.xml:8:5-10:41
MERGED from [code-k-choo-android-e6b3014d8859:lib:unspecified] AndroidManifest.xml:7:5-9:41
MERGED from [com.github.traex.rippleeffect:ripple:1.2.3.2-OG] AndroidManifest.xml:8:5-10:41
MERGED from [uk.me.lewisdeane.ldialogs:ldialogs:1.2.0] AndroidManifest.xml:8:5-10:41
MERGED from [com.android.support:appcompat-v7:22.1.0] AndroidManifest.xml:20:5-43
MERGED from [com.android.support:support-v4:22.1.0] AndroidManifest.xml:20:5-43
MERGED from [com.github.omadahealth.typefaceview:typefaceview:1.3.0] AndroidManifest.xml:7:5-9:41
MERGED from [com.crashlytics.sdk.android:crashlytics:2.5.2] AndroidManifest.xml:7:5-43
MERGED from [com.crashlytics.sdk.android:answers:1.3.2] AndroidManifest.xml:7:5-43
MERGED from [io.fabric.sdk.android:fabric:1.3.6] AndroidManifest.xml:23:5-43
MERGED from [io.fabric.sdk.android:fabric:1.3.6] AndroidManifest.xml:23:5-43
MERGED from [com.crashlytics.sdk.android:crashlytics-core:2.3.5] AndroidManifest.xml:7:5-43
MERGED from [com.crashlytics.sdk.android:answers:1.3.2] AndroidManifest.xml:7:5-43
MERGED from [io.fabric.sdk.android:fabric:1.3.6] AndroidManifest.xml:23:5-43
MERGED from [io.fabric.sdk.android:fabric:1.3.6] AndroidManifest.xml:23:5-43
MERGED from [com.crashlytics.sdk.android:beta:1.1.3] AndroidManifest.xml:7:5-43
MERGED from [com.crashlytics.sdk.android:crashlytics-ndk:1.1.1] AndroidManifest.xml:8:5-43
MERGED from [io.fabric.sdk.android:fabric:1.3.6] AndroidManifest.xml:23:5-43
MERGED from [com.crashlytics.sdk.android:crashlytics-core:2.3.5] AndroidManifest.xml:7:5-43
MERGED from [com.crashlytics.sdk.android:answers:1.3.2] AndroidManifest.xml:7:5-43
MERGED from [io.fabric.sdk.android:fabric:1.3.6] AndroidManifest.xml:23:5-43
MERGED from [io.fabric.sdk.android:fabric:1.3.6] AndroidManifest.xml:23:5-43
	android:targetSdkVersion
		INJECTED from src\main\AndroidManifest.xml
		INJECTED from src\main\AndroidManifest.xml
	android:minSdkVersion
		INJECTED from src\main\AndroidManifest.xml
		INJECTED from src\main\AndroidManifest.xml